<?xml version="1.0" encoding="UTF-8"?>
<!-- Generated by org.testng.reporters.JUnitReportReporter -->
<testsuite hostname="DESKTOP-GBDMBVI" failures="0" tests="1" name="com.mydreams.tests.TotalPageTest" time="4.270" errors="0" timestamp="2025-06-14T02:07:45 IST" skipped="0">
  <testcase classname="com.mydreams.tests.TotalPageTest" name="testDreamCounts" time="4.270"/>
</testsuite> <!-- com.mydreams.tests.TotalPageTest -->
